<?xml version="1.0" encoding="UTF-8"?>
<!-- Generated by org.testng.reporters.JUnitXMLReporter -->
<testsuite ignored="0" hostname="Chay-Laptop" failures="0" tests="6" name="Surefire test" time="0.099" errors="0" timestamp="2020-03-19T18:34:37 EDT">
  <testcase classname="qalearning.AppiumTest" name="IOSApps" time="0.022"/>
  <testcase classname="qalearning.AppiumTest" name="NativeAppAndroid" time="0.001"/>
  <testcase classname="qalearning.RestAPITest" name="deleteTwitter" time="0.001"/>
  <testcase classname="qalearning.RestAPITest" name="postJira" time="0.0"/>
  <testcase classname="qalearning.SeleniumTest" name="browserAutomation" time="0.001"/>
  <testcase classname="qalearning.SeleniumTest" name="elementsUI" time="0.001"/>
</testsuite> <!-- Surefire test -->
