<?xml version="1.0" encoding="UTF-8"?>
<!-- Generated by org.testng.reporters.JUnitXMLReporter -->
<testsuite ignored="0" hostname="Chay-Laptop" failures="0" tests="4" name="Test" time="0.058" errors="0" timestamp="2020-03-19T18:50:06 EDT">
  <testcase classname="qalearning.SeleniumTest" name="browserAutomation" time="0.009"/>
  <testcase classname="qalearning.SeleniumTest" name="elementsUI" time="0.0"/>
  <testcase classname="qalearning.RestAPITest" name="deleteTwitter" time="0.001"/>
  <testcase classname="qalearning.RestAPITest" name="postJira" time="0.001"/>
</testsuite> <!-- Test -->
