<?xml version="1.0" encoding="UTF-8"?>
<testng-results ignored="0" total="4" passed="4" failed="0" skipped="0">
  <reporter-output>
  </reporter-output>
  <suite started-at="2020-03-19T18:50:06 EDT" name="Suite" finished-at="2020-03-19T18:50:06 EDT" duration-ms="58">
    <groups>
    </groups>
    <test started-at="2020-03-19T18:50:06 EDT" name="Test" finished-at="2020-03-19T18:50:06 EDT" duration-ms="58">
      <class name="qalearning.RestAPITest">
        <test-method signature="deleteTwitter()[pri:0, instance:qalearning.RestAPITest@4c6e276e]" started-at="2020-03-19T18:50:06 EDT" name="deleteTwitter" finished-at="2020-03-19T18:50:06 EDT" duration-ms="1" status="PASS">
          <reporter-output>
          </reporter-output>
        </test-method> <!-- deleteTwitter -->
        <test-method signature="postJira()[pri:0, instance:qalearning.RestAPITest@4c6e276e]" started-at="2020-03-19T18:50:06 EDT" name="postJira" finished-at="2020-03-19T18:50:06 EDT" duration-ms="1" status="PASS">
          <reporter-output>
          </reporter-output>
        </test-method> <!-- postJira -->
      </class> <!-- qalearning.RestAPITest -->
      <class name="qalearning.SeleniumTest">
        <test-method signature="browserAutomation()[pri:0, instance:qalearning.SeleniumTest@45f45fa1]" started-at="2020-03-19T18:50:06 EDT" name="browserAutomation" finished-at="2020-03-19T18:50:06 EDT" duration-ms="9" status="PASS">
          <reporter-output>
          </reporter-output>
        </test-method> <!-- browserAutomation -->
        <test-method signature="elementsUI()[pri:0, instance:qalearning.SeleniumTest@45f45fa1]" started-at="2020-03-19T18:50:06 EDT" name="elementsUI" finished-at="2020-03-19T18:50:06 EDT" duration-ms="0" status="PASS">
          <reporter-output>
          </reporter-output>
        </test-method> <!-- elementsUI -->
      </class> <!-- qalearning.SeleniumTest -->
    </test> <!-- Test -->
  </suite> <!-- Suite -->
</testng-results>
