<?xml version="1.0" encoding="UTF-8"?>
<testng-results skipped="0" failed="0" ignored="0" total="2" passed="2">
  <reporter-output>
  </reporter-output>
  <suite name="Default suite" duration-ms="74" started-at="2020-03-19T18:32:08 EDT" finished-at="2020-03-19T18:32:08 EDT">
    <groups>
    </groups>
    <test name="Default test" duration-ms="74" started-at="2020-03-19T18:32:08 EDT" finished-at="2020-03-19T18:32:08 EDT">
      <class name="qalearning.AppiumTest">
        <test-method status="PASS" signature="IOSApps()[pri:0, instance:qalearning.AppiumTest@51cdd8a]" name="IOSApps" duration-ms="13" started-at="2020-03-19T18:32:08 EDT" finished-at="2020-03-19T18:32:08 EDT">
          <reporter-output>
          </reporter-output>
        </test-method> <!-- IOSApps -->
        <test-method status="PASS" signature="NativeAppAndroid()[pri:0, instance:qalearning.AppiumTest@51cdd8a]" name="NativeAppAndroid" duration-ms="2" started-at="2020-03-19T18:32:08 EDT" finished-at="2020-03-19T18:32:08 EDT">
          <reporter-output>
          </reporter-output>
        </test-method> <!-- NativeAppAndroid -->
      </class> <!-- qalearning.AppiumTest -->
    </test> <!-- Default test -->
  </suite> <!-- Default suite -->
</testng-results>
